<?xml version="1.0" encoding="UTF-8"?>
<testsuite xmlns:xsi="http://www.w3.org/2001/XMLSchema-instance" xsi:noNamespaceSchemaLocation="https://maven.apache.org/surefire/maven-surefire-plugin/xsd/surefire-test-report-3.0.xsd" version="3.0" name="com.hellokaton.blade.task.TaskManagerTest" time="0.084" tests="1" errors="0" skipped="0" failures="0">
  <properties>
[...]
</properties>
  <testcase name="testAddTaskMultiThreading" classname="com.hellokaton.blade.task.TaskManagerTest" time="0.083">
    <system-out><![CDATA[2026/06/14 19:47:19  INFO [         Thread-41 ]             c.h.b.t.TaskManager : Add task [task-19]
2026/06/14 19:47:19  INFO [         Thread-23 ]             c.h.b.t.TaskManager : Add task [task-1]
2026/06/14 19:47:19  INFO [         Thread-22 ]             c.h.b.t.TaskManager : Add task [task-0]
2026/06/14 19:47:19  INFO [         Thread-30 ]             c.h.b.t.TaskManager : Add task [task-8]
2026/06/14 19:47:19  INFO [         Thread-29 ]             c.h.b.t.TaskManager : Add task [task-7]
2026/06/14 19:47:19  INFO [         Thread-38 ]             c.h.b.t.TaskManager : Add task [task-16]
2026/06/14 19:47:19  INFO [         Thread-35 ]             c.h.b.t.TaskManager : Add task [task-13]
2026/06/14 19:47:19  INFO [         Thread-34 ]             c.h.b.t.TaskManager : Add task [task-12]
2026/06/14 19:47:19  INFO [         Thread-36 ]             c.h.b.t.TaskManager : Add task [task-14]
2026/06/14 19:47:19  INFO [         Thread-39 ]             c.h.b.t.TaskManager : Add task [task-17]
2026/06/14 19:47:19  INFO [         Thread-37 ]             c.h.b.t.TaskManager : Add task [task-15]
2026/06/14 19:47:19  INFO [         Thread-42 ]             c.h.b.t.TaskManager : Add task [task-20]
2026/06/14 19:47:19  INFO [         Thread-31 ]             c.h.b.t.TaskManager : Add task [task-9]
2026/06/14 19:47:19  INFO [         Thread-32 ]             c.h.b.t.TaskManager : Add task [task-10]
2026/06/14 19:47:19  INFO [         Thread-43 ]             c.h.b.t.TaskManager : Add task [task-21]
2026/06/14 19:47:19  INFO [         Thread-46 ]             c.h.b.t.TaskManager : Add task [task-24]
2026/06/14 19:47:19  INFO [         Thread-45 ]             c.h.b.t.TaskManager : Add task [task-23]
2026/06/14 19:47:19  INFO [         Thread-26 ]             c.h.b.t.TaskManager : Add task [task-4]
2026/06/14 19:47:19  INFO [         Thread-28 ]             c.h.b.t.TaskManager : Add task [task-6]
2026/06/14 19:47:19  INFO [         Thread-25 ]             c.h.b.t.TaskManager : Add task [task-3]
2026/06/14 19:47:19  INFO [         Thread-51 ]             c.h.b.t.TaskManager : Add task [task-29]
2026/06/14 19:47:19  INFO [         Thread-40 ]             c.h.b.t.TaskManager : Add task [task-18]
2026/06/14 19:47:19  INFO [         Thread-44 ]             c.h.b.t.TaskManager : Add task [task-22]
2026/06/14 19:47:19  INFO [         Thread-24 ]             c.h.b.t.TaskManager : Add task [task-2]
2026/06/14 19:47:19  INFO [         Thread-27 ]             c.h.b.t.TaskManager : Add task [task-5]
2026/06/14 19:47:19  INFO [         Thread-33 ]             c.h.b.t.TaskManager : Add task [task-11]
2026/06/14 19:47:19  INFO [         Thread-47 ]             c.h.b.t.TaskManager : Add task [task-25]
2026/06/14 19:47:19  INFO [         Thread-50 ]             c.h.b.t.TaskManager : Add task [task-28]
2026/06/14 19:47:19  INFO [         Thread-52 ]             c.h.b.t.TaskManager : Add task [task-30]
2026/06/14 19:47:19  INFO [         Thread-49 ]             c.h.b.t.TaskManager : Add task [task-27]
2026/06/14 19:47:19  INFO [         Thread-48 ]             c.h.b.t.TaskManager : Add task [task-26]
2026/06/14 19:47:19  INFO [         Thread-54 ]             c.h.b.t.TaskManager : Add task [task-32]
2026/06/14 19:47:19  INFO [         Thread-53 ]             c.h.b.t.TaskManager : Add task [task-31]
2026/06/14 19:47:19  INFO [         Thread-55 ]             c.h.b.t.TaskManager : Add task [task-33]
2026/06/14 19:47:19  INFO [         Thread-56 ]             c.h.b.t.TaskManager : Add task [task-34]
2026/06/14 19:47:19  INFO [         Thread-57 ]             c.h.b.t.TaskManager : Add task [task-35]
2026/06/14 19:47:19  INFO [         Thread-58 ]             c.h.b.t.TaskManager : Add task [task-36]
2026/06/14 19:47:19  INFO [         Thread-59 ]             c.h.b.t.TaskManager : Add task [task-37]
2026/06/14 19:47:19  INFO [         Thread-60 ]             c.h.b.t.TaskManager : Add task [task-38]
2026/06/14 19:47:19  INFO [         Thread-61 ]             c.h.b.t.TaskManager : Add task [task-39]
2026/06/14 19:47:19  INFO [         Thread-62 ]             c.h.b.t.TaskManager : Add task [task-40]
2026/06/14 19:47:19  INFO [         Thread-63 ]             c.h.b.t.TaskManager : Add task [task-41]
2026/06/14 19:47:19  INFO [         Thread-64 ]             c.h.b.t.TaskManager : Add task [task-42]
2026/06/14 19:47:19  INFO [         Thread-65 ]             c.h.b.t.TaskManager : Add task [task-43]
2026/06/14 19:47:19  INFO [         Thread-66 ]             c.h.b.t.TaskManager : Add task [task-44]
2026/06/14 19:47:19  INFO [         Thread-67 ]             c.h.b.t.TaskManager : Add task [task-45]
2026/06/14 19:47:19  INFO [         Thread-68 ]             c.h.b.t.TaskManager : Add task [task-46]
2026/06/14 19:47:19  INFO [         Thread-69 ]             c.h.b.t.TaskManager : Add task [task-47]
2026/06/14 19:47:19  INFO [         Thread-70 ]             c.h.b.t.TaskManager : Add task [task-48]
2026/06/14 19:47:19  INFO [         Thread-71 ]             c.h.b.t.TaskManager : Add task [task-49]
2026/06/14 19:47:19  INFO [         Thread-72 ]             c.h.b.t.TaskManager : Add task [task-50]
2026/06/14 19:47:19  INFO [         Thread-73 ]             c.h.b.t.TaskManager : Add task [task-51]
2026/06/14 19:47:19  INFO [         Thread-74 ]             c.h.b.t.TaskManager : Add task [task-52]
2026/06/14 19:47:19  INFO [         Thread-75 ]             c.h.b.t.TaskManager : Add task [task-53]
2026/06/14 19:47:19  INFO [         Thread-76 ]             c.h.b.t.TaskManager : Add task [task-54]
2026/06/14 19:47:19  INFO [         Thread-77 ]             c.h.b.t.TaskManager : Add task [task-55]
2026/06/14 19:47:19  INFO [         Thread-78 ]             c.h.b.t.TaskManager : Add task [task-56]
2026/06/14 19:47:19  INFO [         Thread-79 ]             c.h.b.t.TaskManager : Add task [task-57]
2026/06/14 19:47:19  INFO [         Thread-80 ]             c.h.b.t.TaskManager : Add task [task-58]
2026/06/14 19:47:19  INFO [         Thread-81 ]             c.h.b.t.TaskManager : Add task [task-59]
2026/06/14 19:47:19  INFO [         Thread-82 ]             c.h.b.t.TaskManager : Add task [task-60]
2026/06/14 19:47:19  INFO [         Thread-83 ]             c.h.b.t.TaskManager : Add task [task-61]
2026/06/14 19:47:19  INFO [         Thread-84 ]             c.h.b.t.TaskManager : Add task [task-62]
2026/06/14 19:47:19  INFO [         Thread-86 ]             c.h.b.t.TaskManager : Add task [task-64]
2026/06/14 19:47:19  INFO [         Thread-85 ]             c.h.b.t.TaskManager : Add task [task-63]
2026/06/14 19:47:19  INFO [         Thread-87 ]             c.h.b.t.TaskManager : Add task [task-65]
2026/06/14 19:47:19  INFO [         Thread-88 ]             c.h.b.t.TaskManager : Add task [task-66]
2026/06/14 19:47:19  INFO [         Thread-89 ]             c.h.b.t.TaskManager : Add task [task-67]
2026/06/14 19:47:19  INFO [         Thread-90 ]             c.h.b.t.TaskManager : Add task [task-68]
2026/06/14 19:47:19  INFO [         Thread-91 ]             c.h.b.t.TaskManager : Add task [task-69]
2026/06/14 19:47:19  INFO [         Thread-92 ]             c.h.b.t.TaskManager : Add task [task-70]
2026/06/14 19:47:19  INFO [         Thread-93 ]             c.h.b.t.TaskManager : Add task [task-71]
2026/06/14 19:47:19  INFO [         Thread-94 ]             c.h.b.t.TaskManager : Add task [task-72]
2026/06/14 19:47:19  INFO [         Thread-95 ]             c.h.b.t.TaskManager : Add task [task-73]
2026/06/14 19:47:19  INFO [         Thread-96 ]             c.h.b.t.TaskManager : Add task [task-74]
2026/06/14 19:47:19  INFO [         Thread-97 ]             c.h.b.t.TaskManager : Add task [task-75]
2026/06/14 19:47:19  INFO [         Thread-98 ]             c.h.b.t.TaskManager : Add task [task-76]
2026/06/14 19:47:19  INFO [         Thread-99 ]             c.h.b.t.TaskManager : Add task [task-77]
2026/06/14 19:47:19  INFO [        Thread-100 ]             c.h.b.t.TaskManager : Add task [task-78]
2026/06/14 19:47:19  INFO [        Thread-101 ]             c.h.b.t.TaskManager : Add task [task-79]
2026/06/14 19:47:19  INFO [        Thread-103 ]             c.h.b.t.TaskManager : Add task [task-81]
2026/06/14 19:47:19  INFO [        Thread-104 ]             c.h.b.t.TaskManager : Add task [task-82]
2026/06/14 19:47:19  INFO [        Thread-105 ]             c.h.b.t.TaskManager : Add task [task-83]
2026/06/14 19:47:19  INFO [        Thread-106 ]             c.h.b.t.TaskManager : Add task [task-84]
2026/06/14 19:47:19  INFO [        Thread-102 ]             c.h.b.t.TaskManager : Add task [task-80]
2026/06/14 19:47:19  INFO [        Thread-107 ]             c.h.b.t.TaskManager : Add task [task-85]
2026/06/14 19:47:19  INFO [        Thread-108 ]             c.h.b.t.TaskManager : Add task [task-86]
2026/06/14 19:47:19  INFO [        Thread-109 ]             c.h.b.t.TaskManager : Add task [task-87]
2026/06/14 19:47:19  INFO [        Thread-110 ]             c.h.b.t.TaskManager : Add task [task-88]
2026/06/14 19:47:19  INFO [        Thread-111 ]             c.h.b.t.TaskManager : Add task [task-89]
2026/06/14 19:47:19  INFO [        Thread-112 ]             c.h.b.t.TaskManager : Add task [task-90]
2026/06/14 19:47:19  INFO [        Thread-113 ]             c.h.b.t.TaskManager : Add task [task-91]
2026/06/14 19:47:19  INFO [        Thread-114 ]             c.h.b.t.TaskManager : Add task [task-92]
2026/06/14 19:47:19  INFO [        Thread-115 ]             c.h.b.t.TaskManager : Add task [task-93]
2026/06/14 19:47:19  INFO [        Thread-116 ]             c.h.b.t.TaskManager : Add task [task-94]
2026/06/14 19:47:19  INFO [        Thread-117 ]             c.h.b.t.TaskManager : Add task [task-95]
2026/06/14 19:47:19  INFO [        Thread-118 ]             c.h.b.t.TaskManager : Add task [task-96]
2026/06/14 19:47:19  INFO [        Thread-119 ]             c.h.b.t.TaskManager : Add task [task-97]
2026/06/14 19:47:19  INFO [        Thread-120 ]             c.h.b.t.TaskManager : Add task [task-98]
2026/06/14 19:47:19  INFO [        Thread-121 ]             c.h.b.t.TaskManager : Add task [task-99]
2026/06/14 19:47:19  INFO [        Thread-122 ]             c.h.b.t.TaskManager : Add task [task-100]
2026/06/14 19:47:19  INFO [        Thread-125 ]             c.h.b.t.TaskManager : Add task [task-103]
2026/06/14 19:47:19  INFO [        Thread-126 ]             c.h.b.t.TaskManager : Add task [task-104]
2026/06/14 19:47:19  INFO [        Thread-123 ]             c.h.b.t.TaskManager : Add task [task-101]
2026/06/14 19:47:19  INFO [        Thread-128 ]             c.h.b.t.TaskManager : Add task [task-106]
2026/06/14 19:47:19  INFO [        Thread-127 ]             c.h.b.t.TaskManager : Add task [task-105]
2026/06/14 19:47:19  INFO [        Thread-129 ]             c.h.b.t.TaskManager : Add task [task-107]
2026/06/14 19:47:19  INFO [        Thread-131 ]             c.h.b.t.TaskManager : Add task [task-109]
2026/06/14 19:47:19  INFO [        Thread-130 ]             c.h.b.t.TaskManager : Add task [task-108]
2026/06/14 19:47:19  INFO [        Thread-124 ]             c.h.b.t.TaskManager : Add task [task-102]
2026/06/14 19:47:19  INFO [        Thread-132 ]             c.h.b.t.TaskManager : Add task [task-110]
2026/06/14 19:47:19  INFO [        Thread-134 ]             c.h.b.t.TaskManager : Add task [task-112]
2026/06/14 19:47:19  INFO [        Thread-133 ]             c.h.b.t.TaskManager : Add task [task-111]
2026/06/14 19:47:19  INFO [        Thread-135 ]             c.h.b.t.TaskManager : Add task [task-113]
2026/06/14 19:47:19  INFO [        Thread-136 ]             c.h.b.t.TaskManager : Add task [task-114]
2026/06/14 19:47:19  INFO [        Thread-137 ]             c.h.b.t.TaskManager : Add task [task-115]
2026/06/14 19:47:19  INFO [        Thread-138 ]             c.h.b.t.TaskManager : Add task [task-116]
2026/06/14 19:47:19  INFO [        Thread-139 ]             c.h.b.t.TaskManager : Add task [task-117]
2026/06/14 19:47:19  INFO [        Thread-140 ]             c.h.b.t.TaskManager : Add task [task-118]
2026/06/14 19:47:19  INFO [        Thread-141 ]             c.h.b.t.TaskManager : Add task [task-119]
2026/06/14 19:47:19  INFO [        Thread-142 ]             c.h.b.t.TaskManager : Add task [task-120]
2026/06/14 19:47:19  INFO [        Thread-143 ]             c.h.b.t.TaskManager : Add task [task-121]
2026/06/14 19:47:19  INFO [        Thread-145 ]             c.h.b.t.TaskManager : Add task [task-123]
2026/06/14 19:47:19  INFO [        Thread-146 ]             c.h.b.t.TaskManager : Add task [task-124]
2026/06/14 19:47:19  INFO [        Thread-144 ]             c.h.b.t.TaskManager : Add task [task-122]
2026/06/14 19:47:19  INFO [        Thread-147 ]             c.h.b.t.TaskManager : Add task [task-125]
2026/06/14 19:47:19  INFO [        Thread-148 ]             c.h.b.t.TaskManager : Add task [task-126]
2026/06/14 19:47:19  INFO [        Thread-149 ]             c.h.b.t.TaskManager : Add task [task-127]
2026/06/14 19:47:19  INFO [        Thread-150 ]             c.h.b.t.TaskManager : Add task [task-128]
2026/06/14 19:47:19  INFO [        Thread-151 ]             c.h.b.t.TaskManager : Add task [task-129]
2026/06/14 19:47:19  INFO [        Thread-152 ]             c.h.b.t.TaskManager : Add task [task-130]
2026/06/14 19:47:19  INFO [        Thread-153 ]             c.h.b.t.TaskManager : Add task [task-131]
2026/06/14 19:47:19  INFO [        Thread-154 ]             c.h.b.t.TaskManager : Add task [task-132]
2026/06/14 19:47:19  INFO [        Thread-155 ]             c.h.b.t.TaskManager : Add task [task-133]
2026/06/14 19:47:19  INFO [        Thread-156 ]             c.h.b.t.TaskManager : Add task [task-134]
2026/06/14 19:47:19  INFO [        Thread-157 ]             c.h.b.t.TaskManager : Add task [task-135]
2026/06/14 19:47:19  INFO [        Thread-158 ]             c.h.b.t.TaskManager : Add task [task-136]
2026/06/14 19:47:19  INFO [        Thread-159 ]             c.h.b.t.TaskManager : Add task [task-137]
2026/06/14 19:47:19  INFO [        Thread-160 ]             c.h.b.t.TaskManager : Add task [task-138]
2026/06/14 19:47:19  INFO [        Thread-161 ]             c.h.b.t.TaskManager : Add task [task-139]
2026/06/14 19:47:19  INFO [        Thread-162 ]             c.h.b.t.TaskManager : Add task [task-140]
2026/06/14 19:47:19  INFO [        Thread-164 ]             c.h.b.t.TaskManager : Add task [task-142]
2026/06/14 19:47:19  INFO [        Thread-163 ]             c.h.b.t.TaskManager : Add task [task-141]
2026/06/14 19:47:19  INFO [        Thread-165 ]             c.h.b.t.TaskManager : Add task [task-143]
2026/06/14 19:47:19  INFO [        Thread-166 ]             c.h.b.t.TaskManager : Add task [task-144]
2026/06/14 19:47:19  INFO [        Thread-167 ]             c.h.b.t.TaskManager : Add task [task-145]
2026/06/14 19:47:19  INFO [        Thread-168 ]             c.h.b.t.TaskManager : Add task [task-146]
2026/06/14 19:47:19  INFO [        Thread-169 ]             c.h.b.t.TaskManager : Add task [task-147]
2026/06/14 19:47:19  INFO [        Thread-170 ]             c.h.b.t.TaskManager : Add task [task-148]
2026/06/14 19:47:19  INFO [        Thread-172 ]             c.h.b.t.TaskManager : Add task [task-150]
2026/06/14 19:47:19  INFO [        Thread-171 ]             c.h.b.t.TaskManager : Add task [task-149]
2026/06/14 19:47:19  INFO [        Thread-173 ]             c.h.b.t.TaskManager : Add task [task-151]
2026/06/14 19:47:19  INFO [        Thread-174 ]             c.h.b.t.TaskManager : Add task [task-152]
2026/06/14 19:47:19  INFO [        Thread-178 ]             c.h.b.t.TaskManager : Add task [task-156]
2026/06/14 19:47:19  INFO [        Thread-175 ]             c.h.b.t.TaskManager : Add task [task-153]
2026/06/14 19:47:19  INFO [        Thread-176 ]             c.h.b.t.TaskManager : Add task [task-154]
2026/06/14 19:47:19  INFO [        Thread-179 ]             c.h.b.t.TaskManager : Add task [task-157]
2026/06/14 19:47:19  INFO [        Thread-177 ]             c.h.b.t.TaskManager : Add task [task-155]
2026/06/14 19:47:19  INFO [        Thread-180 ]             c.h.b.t.TaskManager : Add task [task-158]
2026/06/14 19:47:19  INFO [        Thread-183 ]             c.h.b.t.TaskManager : Add task [task-161]
2026/06/14 19:47:19  INFO [        Thread-182 ]             c.h.b.t.TaskManager : Add task [task-160]
2026/06/14 19:47:19  INFO [        Thread-181 ]             c.h.b.t.TaskManager : Add task [task-159]
2026/06/14 19:47:19  INFO [        Thread-184 ]             c.h.b.t.TaskManager : Add task [task-162]
2026/06/14 19:47:19  INFO [        Thread-189 ]             c.h.b.t.TaskManager : Add task [task-167]
2026/06/14 19:47:19  INFO [        Thread-186 ]             c.h.b.t.TaskManager : Add task [task-164]
2026/06/14 19:47:19  INFO [        Thread-185 ]             c.h.b.t.TaskManager : Add task [task-163]
2026/06/14 19:47:19  INFO [        Thread-187 ]             c.h.b.t.TaskManager : Add task [task-165]
2026/06/14 19:47:19  INFO [        Thread-188 ]             c.h.b.t.TaskManager : Add task [task-166]
2026/06/14 19:47:19  INFO [        Thread-190 ]             c.h.b.t.TaskManager : Add task [task-168]
2026/06/14 19:47:19  INFO [        Thread-195 ]             c.h.b.t.TaskManager : Add task [task-173]
2026/06/14 19:47:19  INFO [        Thread-191 ]             c.h.b.t.TaskManager : Add task [task-169]
2026/06/14 19:47:19  INFO [        Thread-200 ]             c.h.b.t.TaskManager : Add task [task-178]
2026/06/14 19:47:19  INFO [        Thread-196 ]             c.h.b.t.TaskManager : Add task [task-174]
2026/06/14 19:47:19  INFO [        Thread-193 ]             c.h.b.t.TaskManager : Add task [task-171]
2026/06/14 19:47:19  INFO [        Thread-197 ]             c.h.b.t.TaskManager : Add task [task-175]
2026/06/14 19:47:19  INFO [        Thread-194 ]             c.h.b.t.TaskManager : Add task [task-172]
2026/06/14 19:47:19  INFO [        Thread-198 ]             c.h.b.t.TaskManager : Add task [task-176]
2026/06/14 19:47:19  INFO [        Thread-210 ]             c.h.b.t.TaskManager : Add task [task-188]
2026/06/14 19:47:19  INFO [        Thread-199 ]             c.h.b.t.TaskManager : Add task [task-177]
2026/06/14 19:47:19  INFO [        Thread-214 ]             c.h.b.t.TaskManager : Add task [task-192]
2026/06/14 19:47:19  INFO [        Thread-201 ]             c.h.b.t.TaskManager : Add task [task-179]
2026/06/14 19:47:19  INFO [        Thread-217 ]             c.h.b.t.TaskManager : Add task [task-195]
2026/06/14 19:47:19  INFO [        Thread-203 ]             c.h.b.t.TaskManager : Add task [task-181]
2026/06/14 19:47:19  INFO [        Thread-206 ]             c.h.b.t.TaskManager : Add task [task-184]
2026/06/14 19:47:19  INFO [        Thread-204 ]             c.h.b.t.TaskManager : Add task [task-182]
2026/06/14 19:47:19  INFO [        Thread-209 ]             c.h.b.t.TaskManager : Add task [task-187]
2026/06/14 19:47:19  INFO [        Thread-211 ]             c.h.b.t.TaskManager : Add task [task-189]
2026/06/14 19:47:19  INFO [        Thread-208 ]             c.h.b.t.TaskManager : Add task [task-186]
2026/06/14 19:47:19  INFO [        Thread-223 ]             c.h.b.t.TaskManager : Add task [task-201]
2026/06/14 19:47:19  INFO [        Thread-213 ]             c.h.b.t.TaskManager : Add task [task-191]
2026/06/14 19:47:19  INFO [        Thread-216 ]             c.h.b.t.TaskManager : Add task [task-194]
2026/06/14 19:47:19  INFO [        Thread-192 ]             c.h.b.t.TaskManager : Add task [task-170]
2026/06/14 19:47:19  INFO [        Thread-202 ]             c.h.b.t.TaskManager : Add task [task-180]
2026/06/14 19:47:19  INFO [        Thread-218 ]             c.h.b.t.TaskManager : Add task [task-196]
2026/06/14 19:47:19  INFO [        Thread-219 ]             c.h.b.t.TaskManager : Add task [task-197]
2026/06/14 19:47:19  INFO [        Thread-220 ]             c.h.b.t.TaskManager : Add task [task-198]
2026/06/14 19:47:19  INFO [        Thread-207 ]             c.h.b.t.TaskManager : Add task [task-185]
2026/06/14 19:47:19  INFO [        Thread-205 ]             c.h.b.t.TaskManager : Add task [task-183]
2026/06/14 19:47:19  INFO [        Thread-212 ]             c.h.b.t.TaskManager : Add task [task-190]
2026/06/14 19:47:19  INFO [        Thread-230 ]             c.h.b.t.TaskManager : Add task [task-208]
2026/06/14 19:47:19  INFO [        Thread-225 ]             c.h.b.t.TaskManager : Add task [task-203]
2026/06/14 19:47:19  INFO [        Thread-226 ]             c.h.b.t.TaskManager : Add task [task-204]
2026/06/14 19:47:19  INFO [        Thread-227 ]             c.h.b.t.TaskManager : Add task [task-205]
2026/06/14 19:47:19  INFO [        Thread-229 ]             c.h.b.t.TaskManager : Add task [task-207]
2026/06/14 19:47:19  INFO [        Thread-233 ]             c.h.b.t.TaskManager : Add task [task-211]
2026/06/14 19:47:19  INFO [        Thread-222 ]             c.h.b.t.TaskManager : Add task [task-200]
2026/06/14 19:47:19  INFO [        Thread-221 ]             c.h.b.t.TaskManager : Add task [task-199]
2026/06/14 19:47:19  INFO [        Thread-231 ]             c.h.b.t.TaskManager : Add task [task-209]
2026/06/14 19:47:19  INFO [        Thread-232 ]             c.h.b.t.TaskManager : Add task [task-210]
2026/06/14 19:47:19  INFO [        Thread-215 ]             c.h.b.t.TaskManager : Add task [task-193]
2026/06/14 19:47:19  INFO [        Thread-228 ]             c.h.b.t.TaskManager : Add task [task-206]
2026/06/14 19:47:19  INFO [        Thread-235 ]             c.h.b.t.TaskManager : Add task [task-213]
2026/06/14 19:47:19  INFO [        Thread-224 ]             c.h.b.t.TaskManager : Add task [task-202]
2026/06/14 19:47:19  INFO [        Thread-238 ]             c.h.b.t.TaskManager : Add task [task-216]
2026/06/14 19:47:19  INFO [        Thread-236 ]             c.h.b.t.TaskManager : Add task [task-214]
2026/06/14 19:47:19  INFO [        Thread-237 ]             c.h.b.t.TaskManager : Add task [task-215]
2026/06/14 19:47:19  INFO [        Thread-234 ]             c.h.b.t.TaskManager : Add task [task-212]
2026/06/14 19:47:19  INFO [        Thread-239 ]             c.h.b.t.TaskManager : Add task [task-217]
2026/06/14 19:47:19  INFO [        Thread-240 ]             c.h.b.t.TaskManager : Add task [task-218]
2026/06/14 19:47:19  INFO [        Thread-241 ]             c.h.b.t.TaskManager : Add task [task-219]
2026/06/14 19:47:19  INFO [        Thread-243 ]             c.h.b.t.TaskManager : Add task [task-221]
2026/06/14 19:47:19  INFO [        Thread-244 ]             c.h.b.t.TaskManager : Add task [task-222]
2026/06/14 19:47:19  INFO [        Thread-245 ]             c.h.b.t.TaskManager : Add task [task-223]
2026/06/14 19:47:19  INFO [        Thread-242 ]             c.h.b.t.TaskManager : Add task [task-220]
2026/06/14 19:47:19  INFO [        Thread-246 ]             c.h.b.t.TaskManager : Add task [task-224]
2026/06/14 19:47:19  INFO [        Thread-247 ]             c.h.b.t.TaskManager : Add task [task-225]
2026/06/14 19:47:19  INFO [        Thread-248 ]             c.h.b.t.TaskManager : Add task [task-226]
2026/06/14 19:47:19  INFO [        Thread-249 ]             c.h.b.t.TaskManager : Add task [task-227]
2026/06/14 19:47:19  INFO [        Thread-250 ]             c.h.b.t.TaskManager : Add task [task-228]
2026/06/14 19:47:19  INFO [        Thread-251 ]             c.h.b.t.TaskManager : Add task [task-229]
2026/06/14 19:47:19  INFO [        Thread-252 ]             c.h.b.t.TaskManager : Add task [task-230]
2026/06/14 19:47:19  INFO [        Thread-253 ]             c.h.b.t.TaskManager : Add task [task-231]
2026/06/14 19:47:19  INFO [        Thread-255 ]             c.h.b.t.TaskManager : Add task [task-233]
2026/06/14 19:47:19  INFO [        Thread-254 ]             c.h.b.t.TaskManager : Add task [task-232]
2026/06/14 19:47:19  INFO [        Thread-256 ]             c.h.b.t.TaskManager : Add task [task-234]
2026/06/14 19:47:19  INFO [        Thread-257 ]             c.h.b.t.TaskManager : Add task [task-235]
2026/06/14 19:47:19  INFO [        Thread-258 ]             c.h.b.t.TaskManager : Add task [task-236]
2026/06/14 19:47:19  INFO [        Thread-259 ]             c.h.b.t.TaskManager : Add task [task-237]
2026/06/14 19:47:19  INFO [        Thread-261 ]             c.h.b.t.TaskManager : Add task [task-239]
2026/06/14 19:47:19  INFO [        Thread-262 ]             c.h.b.t.TaskManager : Add task [task-240]
2026/06/14 19:47:19  INFO [        Thread-263 ]             c.h.b.t.TaskManager : Add task [task-241]
2026/06/14 19:47:19  INFO [        Thread-264 ]             c.h.b.t.TaskManager : Add task [task-242]
2026/06/14 19:47:19  INFO [        Thread-260 ]             c.h.b.t.TaskManager : Add task [task-238]
2026/06/14 19:47:19  INFO [        Thread-265 ]             c.h.b.t.TaskManager : Add task [task-243]
2026/06/14 19:47:19  INFO [        Thread-266 ]             c.h.b.t.TaskManager : Add task [task-244]
2026/06/14 19:47:19  INFO [        Thread-267 ]             c.h.b.t.TaskManager : Add task [task-245]
2026/06/14 19:47:19  INFO [        Thread-268 ]             c.h.b.t.TaskManager : Add task [task-246]
2026/06/14 19:47:19  INFO [        Thread-269 ]             c.h.b.t.TaskManager : Add task [task-247]
2026/06/14 19:47:19  INFO [        Thread-270 ]             c.h.b.t.TaskManager : Add task [task-248]
2026/06/14 19:47:19  INFO [        Thread-271 ]             c.h.b.t.TaskManager : Add task [task-249]
2026/06/14 19:47:19  INFO [        Thread-272 ]             c.h.b.t.TaskManager : Add task [task-250]
2026/06/14 19:47:19  INFO [        Thread-274 ]             c.h.b.t.TaskManager : Add task [task-252]
2026/06/14 19:47:19  INFO [        Thread-273 ]             c.h.b.t.TaskManager : Add task [task-251]
2026/06/14 19:47:19  INFO [        Thread-275 ]             c.h.b.t.TaskManager : Add task [task-253]
2026/06/14 19:47:19  INFO [        Thread-276 ]             c.h.b.t.TaskManager : Add task [task-254]
2026/06/14 19:47:19  INFO [        Thread-277 ]             c.h.b.t.TaskManager : Add task [task-255]
2026/06/14 19:47:19  INFO [        Thread-279 ]             c.h.b.t.TaskManager : Add task [task-257]
2026/06/14 19:47:19  INFO [        Thread-280 ]             c.h.b.t.TaskManager : Add task [task-258]
2026/06/14 19:47:19  INFO [        Thread-278 ]             c.h.b.t.TaskManager : Add task [task-256]
2026/06/14 19:47:19  INFO [        Thread-281 ]             c.h.b.t.TaskManager : Add task [task-259]
2026/06/14 19:47:19  INFO [        Thread-282 ]             c.h.b.t.TaskManager : Add task [task-260]
2026/06/14 19:47:19  INFO [        Thread-283 ]             c.h.b.t.TaskManager : Add task [task-261]
2026/06/14 19:47:19  INFO [        Thread-284 ]             c.h.b.t.TaskManager : Add task [task-262]
2026/06/14 19:47:19  INFO [        Thread-290 ]             c.h.b.t.TaskManager : Add task [task-268]
2026/06/14 19:47:19  INFO [        Thread-285 ]             c.h.b.t.TaskManager : Add task [task-263]
2026/06/14 19:47:19  INFO [        Thread-287 ]             c.h.b.t.TaskManager : Add task [task-265]
2026/06/14 19:47:19  INFO [        Thread-286 ]             c.h.b.t.TaskManager : Add task [task-264]
2026/06/14 19:47:19  INFO [        Thread-289 ]             c.h.b.t.TaskManager : Add task [task-267]
2026/06/14 19:47:19  INFO [        Thread-288 ]             c.h.b.t.TaskManager : Add task [task-266]
2026/06/14 19:47:19  INFO [        Thread-291 ]             c.h.b.t.TaskManager : Add task [task-269]
2026/06/14 19:47:19  INFO [        Thread-292 ]             c.h.b.t.TaskManager : Add task [task-270]
2026/06/14 19:47:19  INFO [        Thread-293 ]             c.h.b.t.TaskManager : Add task [task-271]
2026/06/14 19:47:19  INFO [        Thread-294 ]             c.h.b.t.TaskManager : Add task [task-272]
2026/06/14 19:47:19  INFO [        Thread-295 ]             c.h.b.t.TaskManager : Add task [task-273]
2026/06/14 19:47:19  INFO [        Thread-296 ]             c.h.b.t.TaskManager : Add task [task-274]
2026/06/14 19:47:19  INFO [        Thread-300 ]             c.h.b.t.TaskManager : Add task [task-278]
2026/06/14 19:47:19  INFO [        Thread-297 ]             c.h.b.t.TaskManager : Add task [task-275]
2026/06/14 19:47:19  INFO [        Thread-298 ]             c.h.b.t.TaskManager : Add task [task-276]
2026/06/14 19:47:19  INFO [        Thread-303 ]             c.h.b.t.TaskManager : Add task [task-281]
2026/06/14 19:47:19  INFO [        Thread-299 ]             c.h.b.t.TaskManager : Add task [task-277]
2026/06/14 19:47:19  INFO [        Thread-301 ]             c.h.b.t.TaskManager : Add task [task-279]
2026/06/14 19:47:19  INFO [        Thread-302 ]             c.h.b.t.TaskManager : Add task [task-280]
2026/06/14 19:47:19  INFO [        Thread-304 ]             c.h.b.t.TaskManager : Add task [task-282]
2026/06/14 19:47:19  INFO [        Thread-305 ]             c.h.b.t.TaskManager : Add task [task-283]
2026/06/14 19:47:19  INFO [        Thread-306 ]             c.h.b.t.TaskManager : Add task [task-284]
2026/06/14 19:47:19  INFO [        Thread-308 ]             c.h.b.t.TaskManager : Add task [task-286]
2026/06/14 19:47:19  INFO [        Thread-307 ]             c.h.b.t.TaskManager : Add task [task-285]
2026/06/14 19:47:19  INFO [        Thread-309 ]             c.h.b.t.TaskManager : Add task [task-287]
2026/06/14 19:47:19  INFO [        Thread-310 ]             c.h.b.t.TaskManager : Add task [task-288]
2026/06/14 19:47:19  INFO [        Thread-311 ]             c.h.b.t.TaskManager : Add task [task-289]
2026/06/14 19:47:19  INFO [        Thread-313 ]             c.h.b.t.TaskManager : Add task [task-291]
2026/06/14 19:47:19  INFO [        Thread-314 ]             c.h.b.t.TaskManager : Add task [task-292]
2026/06/14 19:47:19  INFO [        Thread-312 ]             c.h.b.t.TaskManager : Add task [task-290]
2026/06/14 19:47:19  INFO [        Thread-315 ]             c.h.b.t.TaskManager : Add task [task-293]
2026/06/14 19:47:19  INFO [        Thread-316 ]             c.h.b.t.TaskManager : Add task [task-294]
2026/06/14 19:47:19  INFO [        Thread-318 ]             c.h.b.t.TaskManager : Add task [task-296]
2026/06/14 19:47:19  INFO [        Thread-317 ]             c.h.b.t.TaskManager : Add task [task-295]
2026/06/14 19:47:19  INFO [        Thread-319 ]             c.h.b.t.TaskManager : Add task [task-297]
2026/06/14 19:47:19  INFO [        Thread-320 ]             c.h.b.t.TaskManager : Add task [task-298]
2026/06/14 19:47:19  INFO [        Thread-322 ]             c.h.b.t.TaskManager : Add task [task-300]
2026/06/14 19:47:19  INFO [        Thread-321 ]             c.h.b.t.TaskManager : Add task [task-299]
2026/06/14 19:47:19  INFO [        Thread-323 ]             c.h.b.t.TaskManager : Add task [task-301]
2026/06/14 19:47:19  INFO [        Thread-324 ]             c.h.b.t.TaskManager : Add task [task-302]
2026/06/14 19:47:19  INFO [        Thread-325 ]             c.h.b.t.TaskManager : Add task [task-303]
2026/06/14 19:47:19  INFO [        Thread-326 ]             c.h.b.t.TaskManager : Add task [task-304]
2026/06/14 19:47:19  INFO [        Thread-327 ]             c.h.b.t.TaskManager : Add task [task-305]
2026/06/14 19:47:19  INFO [        Thread-329 ]             c.h.b.t.TaskManager : Add task [task-307]
2026/06/14 19:47:19  INFO [        Thread-328 ]             c.h.b.t.TaskManager : Add task [task-306]
2026/06/14 19:47:19  INFO [        Thread-330 ]             c.h.b.t.TaskManager : Add task [task-308]
2026/06/14 19:47:19  INFO [        Thread-331 ]             c.h.b.t.TaskManager : Add task [task-309]
2026/06/14 19:47:19  INFO [        Thread-333 ]             c.h.b.t.TaskManager : Add task [task-311]
2026/06/14 19:47:19  INFO [        Thread-332 ]             c.h.b.t.TaskManager : Add task [task-310]
2026/06/14 19:47:19  INFO [        Thread-334 ]             c.h.b.t.TaskManager : Add task [task-312]
2026/06/14 19:47:19  INFO [        Thread-336 ]             c.h.b.t.TaskManager : Add task [task-314]
2026/06/14 19:47:19  INFO [        Thread-335 ]             c.h.b.t.TaskManager : Add task [task-313]
2026/06/14 19:47:19  INFO [        Thread-337 ]             c.h.b.t.TaskManager : Add task [task-315]
2026/06/14 19:47:19  INFO [        Thread-338 ]             c.h.b.t.TaskManager : Add task [task-316]
2026/06/14 19:47:19  INFO [        Thread-339 ]             c.h.b.t.TaskManager : Add task [task-317]
2026/06/14 19:47:19  INFO [        Thread-341 ]             c.h.b.t.TaskManager : Add task [task-319]
2026/06/14 19:47:19  INFO [        Thread-340 ]             c.h.b.t.TaskManager : Add task [task-318]
2026/06/14 19:47:19  INFO [        Thread-343 ]             c.h.b.t.TaskManager : Add task [task-321]
2026/06/14 19:47:19  INFO [        Thread-342 ]             c.h.b.t.TaskManager : Add task [task-320]
2026/06/14 19:47:19  INFO [        Thread-344 ]             c.h.b.t.TaskManager : Add task [task-322]
2026/06/14 19:47:19  INFO [        Thread-345 ]             c.h.b.t.TaskManager : Add task [task-323]
2026/06/14 19:47:19  INFO [        Thread-346 ]             c.h.b.t.TaskManager : Add task [task-324]
2026/06/14 19:47:19  INFO [        Thread-347 ]             c.h.b.t.TaskManager : Add task [task-325]
2026/06/14 19:47:19  INFO [        Thread-348 ]             c.h.b.t.TaskManager : Add task [task-326]
2026/06/14 19:47:19  INFO [        Thread-349 ]             c.h.b.t.TaskManager : Add task [task-327]
2026/06/14 19:47:19  INFO [        Thread-350 ]             c.h.b.t.TaskManager : Add task [task-328]
2026/06/14 19:47:19  INFO [        Thread-351 ]             c.h.b.t.TaskManager : Add task [task-329]
2026/06/14 19:47:19  INFO [        Thread-352 ]             c.h.b.t.TaskManager : Add task [task-330]
2026/06/14 19:47:19  INFO [        Thread-353 ]             c.h.b.t.TaskManager : Add task [task-331]
2026/06/14 19:47:19  INFO [        Thread-354 ]             c.h.b.t.TaskManager : Add task [task-332]
2026/06/14 19:47:19  INFO [        Thread-355 ]             c.h.b.t.TaskManager : Add task [task-333]
2026/06/14 19:47:19  INFO [        Thread-356 ]             c.h.b.t.TaskManager : Add task [task-334]
2026/06/14 19:47:19  INFO [        Thread-359 ]             c.h.b.t.TaskManager : Add task [task-337]
2026/06/14 19:47:19  INFO [        Thread-357 ]             c.h.b.t.TaskManager : Add task [task-335]
2026/06/14 19:47:19  INFO [        Thread-358 ]             c.h.b.t.TaskManager : Add task [task-336]
2026/06/14 19:47:19  INFO [        Thread-360 ]             c.h.b.t.TaskManager : Add task [task-338]
2026/06/14 19:47:19  INFO [        Thread-362 ]             c.h.b.t.TaskManager : Add task [task-340]
2026/06/14 19:47:19  INFO [        Thread-361 ]             c.h.b.t.TaskManager : Add task [task-339]
2026/06/14 19:47:19  INFO [        Thread-363 ]             c.h.b.t.TaskManager : Add task [task-341]
2026/06/14 19:47:19  INFO [        Thread-364 ]             c.h.b.t.TaskManager : Add task [task-342]
2026/06/14 19:47:19  INFO [        Thread-365 ]             c.h.b.t.TaskManager : Add task [task-343]
2026/06/14 19:47:19  INFO [        Thread-366 ]             c.h.b.t.TaskManager : Add task [task-344]
2026/06/14 19:47:19  INFO [        Thread-367 ]             c.h.b.t.TaskManager : Add task [task-345]
2026/06/14 19:47:19  INFO [        Thread-368 ]             c.h.b.t.TaskManager : Add task [task-346]
2026/06/14 19:47:19  INFO [        Thread-369 ]             c.h.b.t.TaskManager : Add task [task-347]
2026/06/14 19:47:19  INFO [        Thread-370 ]             c.h.b.t.TaskManager : Add task [task-348]
2026/06/14 19:47:19  INFO [        Thread-371 ]             c.h.b.t.TaskManager : Add task [task-349]
2026/06/14 19:47:19  INFO [        Thread-372 ]             c.h.b.t.TaskManager : Add task [task-350]
2026/06/14 19:47:19  INFO [        Thread-373 ]             c.h.b.t.TaskManager : Add task [task-351]
2026/06/14 19:47:19  INFO [        Thread-374 ]             c.h.b.t.TaskManager : Add task [task-352]
2026/06/14 19:47:19  INFO [        Thread-375 ]             c.h.b.t.TaskManager : Add task [task-353]
2026/06/14 19:47:19  INFO [        Thread-376 ]             c.h.b.t.TaskManager : Add task [task-354]
2026/06/14 19:47:19  INFO [        Thread-377 ]             c.h.b.t.TaskManager : Add task [task-355]
2026/06/14 19:47:19  INFO [        Thread-379 ]             c.h.b.t.TaskManager : Add task [task-357]
2026/06/14 19:47:19  INFO [        Thread-378 ]             c.h.b.t.TaskManager : Add task [task-356]
2026/06/14 19:47:19  INFO [        Thread-380 ]             c.h.b.t.TaskManager : Add task [task-358]
2026/06/14 19:47:19  INFO [        Thread-381 ]             c.h.b.t.TaskManager : Add task [task-359]
2026/06/14 19:47:19  INFO [        Thread-382 ]             c.h.b.t.TaskManager : Add task [task-360]
2026/06/14 19:47:19  INFO [        Thread-383 ]             c.h.b.t.TaskManager : Add task [task-361]
2026/06/14 19:47:19  INFO [        Thread-384 ]             c.h.b.t.TaskManager : Add task [task-362]
2026/06/14 19:47:19  INFO [        Thread-386 ]             c.h.b.t.TaskManager : Add task [task-364]
2026/06/14 19:47:19  INFO [        Thread-385 ]             c.h.b.t.TaskManager : Add task [task-363]
2026/06/14 19:47:19  INFO [        Thread-387 ]             c.h.b.t.TaskManager : Add task [task-365]
2026/06/14 19:47:19  INFO [        Thread-388 ]             c.h.b.t.TaskManager : Add task [task-366]
2026/06/14 19:47:19  INFO [        Thread-389 ]             c.h.b.t.TaskManager : Add task [task-367]
2026/06/14 19:47:19  INFO [        Thread-390 ]             c.h.b.t.TaskManager : Add task [task-368]
2026/06/14 19:47:19  INFO [        Thread-391 ]             c.h.b.t.TaskManager : Add task [task-369]
2026/06/14 19:47:19  INFO [        Thread-392 ]             c.h.b.t.TaskManager : Add task [task-370]
2026/06/14 19:47:19  INFO [        Thread-393 ]             c.h.b.t.TaskManager : Add task [task-371]
2026/06/14 19:47:19  INFO [        Thread-394 ]             c.h.b.t.TaskManager : Add task [task-372]
2026/06/14 19:47:19  INFO [        Thread-395 ]             c.h.b.t.TaskManager : Add task [task-373]
2026/06/14 19:47:19  INFO [        Thread-396 ]             c.h.b.t.TaskManager : Add task [task-374]
2026/06/14 19:47:19  INFO [        Thread-397 ]             c.h.b.t.TaskManager : Add task [task-375]
2026/06/14 19:47:19  INFO [        Thread-398 ]             c.h.b.t.TaskManager : Add task [task-376]
2026/06/14 19:47:19  INFO [        Thread-399 ]             c.h.b.t.TaskManager : Add task [task-377]
2026/06/14 19:47:19  INFO [        Thread-401 ]             c.h.b.t.TaskManager : Add task [task-379]
2026/06/14 19:47:19  INFO [        Thread-400 ]             c.h.b.t.TaskManager : Add task [task-378]
2026/06/14 19:47:19  INFO [        Thread-403 ]             c.h.b.t.TaskManager : Add task [task-381]
2026/06/14 19:47:19  INFO [        Thread-402 ]             c.h.b.t.TaskManager : Add task [task-380]
2026/06/14 19:47:19  INFO [        Thread-404 ]             c.h.b.t.TaskManager : Add task [task-382]
2026/06/14 19:47:19  INFO [        Thread-405 ]             c.h.b.t.TaskManager : Add task [task-383]
2026/06/14 19:47:19  INFO [        Thread-406 ]             c.h.b.t.TaskManager : Add task [task-384]
2026/06/14 19:47:19  INFO [        Thread-407 ]             c.h.b.t.TaskManager : Add task [task-385]
2026/06/14 19:47:19  INFO [        Thread-409 ]             c.h.b.t.TaskManager : Add task [task-387]
2026/06/14 19:47:19  INFO [        Thread-408 ]             c.h.b.t.TaskManager : Add task [task-386]
2026/06/14 19:47:19  INFO [        Thread-410 ]             c.h.b.t.TaskManager : Add task [task-388]
2026/06/14 19:47:19  INFO [        Thread-412 ]             c.h.b.t.TaskManager : Add task [task-390]
2026/06/14 19:47:19  INFO [        Thread-411 ]             c.h.b.t.TaskManager : Add task [task-389]
2026/06/14 19:47:19  INFO [        Thread-413 ]             c.h.b.t.TaskManager : Add task [task-391]
2026/06/14 19:47:19  INFO [        Thread-414 ]             c.h.b.t.TaskManager : Add task [task-392]
2026/06/14 19:47:19  INFO [        Thread-415 ]             c.h.b.t.TaskManager : Add task [task-393]
2026/06/14 19:47:19  INFO [        Thread-416 ]             c.h.b.t.TaskManager : Add task [task-394]
2026/06/14 19:47:19  INFO [        Thread-418 ]             c.h.b.t.TaskManager : Add task [task-396]
2026/06/14 19:47:19  INFO [        Thread-417 ]             c.h.b.t.TaskManager : Add task [task-395]
2026/06/14 19:47:19  INFO [        Thread-419 ]             c.h.b.t.TaskManager : Add task [task-397]
2026/06/14 19:47:19  INFO [        Thread-421 ]             c.h.b.t.TaskManager : Add task [task-399]
2026/06/14 19:47:19  INFO [        Thread-420 ]             c.h.b.t.TaskManager : Add task [task-398]
2026/06/14 19:47:19  INFO [        Thread-423 ]             c.h.b.t.TaskManager : Add task [task-401]
2026/06/14 19:47:19  INFO [        Thread-422 ]             c.h.b.t.TaskManager : Add task [task-400]
2026/06/14 19:47:19  INFO [        Thread-424 ]             c.h.b.t.TaskManager : Add task [task-402]
2026/06/14 19:47:19  INFO [        Thread-425 ]             c.h.b.t.TaskManager : Add task [task-403]
2026/06/14 19:47:19  INFO [        Thread-427 ]             c.h.b.t.TaskManager : Add task [task-405]
2026/06/14 19:47:19  INFO [        Thread-426 ]             c.h.b.t.TaskManager : Add task [task-404]
2026/06/14 19:47:19  INFO [        Thread-428 ]             c.h.b.t.TaskManager : Add task [task-406]
2026/06/14 19:47:19  INFO [        Thread-429 ]             c.h.b.t.TaskManager : Add task [task-407]
2026/06/14 19:47:19  INFO [        Thread-430 ]             c.h.b.t.TaskManager : Add task [task-408]
2026/06/14 19:47:19  INFO [        Thread-431 ]             c.h.b.t.TaskManager : Add task [task-409]
2026/06/14 19:47:19  INFO [        Thread-435 ]             c.h.b.t.TaskManager : Add task [task-413]
2026/06/14 19:47:19  INFO [        Thread-432 ]             c.h.b.t.TaskManager : Add task [task-410]
2026/06/14 19:47:19  INFO [        Thread-433 ]             c.h.b.t.TaskManager : Add task [task-411]
2026/06/14 19:47:19  INFO [        Thread-434 ]             c.h.b.t.TaskManager : Add task [task-412]
2026/06/14 19:47:19  INFO [        Thread-436 ]             c.h.b.t.TaskManager : Add task [task-414]
2026/06/14 19:47:19  INFO [        Thread-437 ]             c.h.b.t.TaskManager : Add task [task-415]
2026/06/14 19:47:19  INFO [        Thread-438 ]             c.h.b.t.TaskManager : Add task [task-416]
2026/06/14 19:47:19  INFO [        Thread-439 ]             c.h.b.t.TaskManager : Add task [task-417]
2026/06/14 19:47:19  INFO [        Thread-440 ]             c.h.b.t.TaskManager : Add task [task-418]
2026/06/14 19:47:19  INFO [        Thread-441 ]             c.h.b.t.TaskManager : Add task [task-419]
2026/06/14 19:47:19  INFO [        Thread-442 ]             c.h.b.t.TaskManager : Add task [task-420]
2026/06/14 19:47:19  INFO [        Thread-445 ]             c.h.b.t.TaskManager : Add task [task-423]
2026/06/14 19:47:19  INFO [        Thread-443 ]             c.h.b.t.TaskManager : Add task [task-421]
2026/06/14 19:47:19  INFO [        Thread-444 ]             c.h.b.t.TaskManager : Add task [task-422]
2026/06/14 19:47:19  INFO [        Thread-447 ]             c.h.b.t.TaskManager : Add task [task-425]
2026/06/14 19:47:19  INFO [        Thread-451 ]             c.h.b.t.TaskManager : Add task [task-429]
2026/06/14 19:47:19  INFO [        Thread-449 ]             c.h.b.t.TaskManager : Add task [task-427]
2026/06/14 19:47:19  INFO [        Thread-446 ]             c.h.b.t.TaskManager : Add task [task-424]
2026/06/14 19:47:19  INFO [        Thread-448 ]             c.h.b.t.TaskManager : Add task [task-426]
2026/06/14 19:47:19  INFO [        Thread-450 ]             c.h.b.t.TaskManager : Add task [task-428]
2026/06/14 19:47:19  INFO [        Thread-452 ]             c.h.b.t.TaskManager : Add task [task-430]
2026/06/14 19:47:19  INFO [        Thread-453 ]             c.h.b.t.TaskManager : Add task [task-431]
2026/06/14 19:47:19  INFO [        Thread-454 ]             c.h.b.t.TaskManager : Add task [task-432]
2026/06/14 19:47:19  INFO [        Thread-455 ]             c.h.b.t.TaskManager : Add task [task-433]
2026/06/14 19:47:19  INFO [        Thread-456 ]             c.h.b.t.TaskManager : Add task [task-434]
2026/06/14 19:47:19  INFO [        Thread-457 ]             c.h.b.t.TaskManager : Add task [task-435]
2026/06/14 19:47:19  INFO [        Thread-458 ]             c.h.b.t.TaskManager : Add task [task-436]
2026/06/14 19:47:19  INFO [        Thread-462 ]             c.h.b.t.TaskManager : Add task [task-440]
2026/06/14 19:47:19  INFO [        Thread-460 ]             c.h.b.t.TaskManager : Add task [task-438]
2026/06/14 19:47:19  INFO [        Thread-461 ]             c.h.b.t.TaskManager : Add task [task-439]
2026/06/14 19:47:19  INFO [        Thread-459 ]             c.h.b.t.TaskManager : Add task [task-437]
2026/06/14 19:47:19  INFO [        Thread-464 ]             c.h.b.t.TaskManager : Add task [task-442]
2026/06/14 19:47:19  INFO [        Thread-468 ]             c.h.b.t.TaskManager : Add task [task-446]
2026/06/14 19:47:19  INFO [        Thread-465 ]             c.h.b.t.TaskManager : Add task [task-443]
2026/06/14 19:47:19  INFO [        Thread-466 ]             c.h.b.t.TaskManager : Add task [task-444]
2026/06/14 19:47:19  INFO [        Thread-467 ]             c.h.b.t.TaskManager : Add task [task-445]
2026/06/14 19:47:19  INFO [        Thread-463 ]             c.h.b.t.TaskManager : Add task [task-441]
2026/06/14 19:47:19  INFO [        Thread-469 ]             c.h.b.t.TaskManager : Add task [task-447]
2026/06/14 19:47:19  INFO [        Thread-470 ]             c.h.b.t.TaskManager : Add task [task-448]
2026/06/14 19:47:19  INFO [        Thread-471 ]             c.h.b.t.TaskManager : Add task [task-449]
2026/06/14 19:47:19  INFO [        Thread-472 ]             c.h.b.t.TaskManager : Add task [task-450]
2026/06/14 19:47:19  INFO [        Thread-476 ]             c.h.b.t.TaskManager : Add task [task-454]
2026/06/14 19:47:19  INFO [        Thread-473 ]             c.h.b.t.TaskManager : Add task [task-451]
2026/06/14 19:47:19  INFO [        Thread-479 ]             c.h.b.t.TaskManager : Add task [task-457]
2026/06/14 19:47:19  INFO [        Thread-478 ]             c.h.b.t.TaskManager : Add task [task-456]
2026/06/14 19:47:19  INFO [        Thread-475 ]             c.h.b.t.TaskManager : Add task [task-453]
2026/06/14 19:47:19  INFO [        Thread-474 ]             c.h.b.t.TaskManager : Add task [task-452]
2026/06/14 19:47:19  INFO [        Thread-477 ]             c.h.b.t.TaskManager : Add task [task-455]
2026/06/14 19:47:19  INFO [        Thread-482 ]             c.h.b.t.TaskManager : Add task [task-460]
2026/06/14 19:47:19  INFO [        Thread-483 ]             c.h.b.t.TaskManager : Add task [task-461]
2026/06/14 19:47:19  INFO [        Thread-480 ]             c.h.b.t.TaskManager : Add task [task-458]
2026/06/14 19:47:19  INFO [        Thread-481 ]             c.h.b.t.TaskManager : Add task [task-459]
2026/06/14 19:47:19  INFO [        Thread-485 ]             c.h.b.t.TaskManager : Add task [task-463]
2026/06/14 19:47:19  INFO [        Thread-486 ]             c.h.b.t.TaskManager : Add task [task-464]
2026/06/14 19:47:19  INFO [        Thread-488 ]             c.h.b.t.TaskManager : Add task [task-466]
2026/06/14 19:47:19  INFO [        Thread-484 ]             c.h.b.t.TaskManager : Add task [task-462]
2026/06/14 19:47:19  INFO [        Thread-490 ]             c.h.b.t.TaskManager : Add task [task-468]
2026/06/14 19:47:19  INFO [        Thread-487 ]             c.h.b.t.TaskManager : Add task [task-465]
2026/06/14 19:47:19  INFO [        Thread-492 ]             c.h.b.t.TaskManager : Add task [task-470]
2026/06/14 19:47:19  INFO [        Thread-491 ]             c.h.b.t.TaskManager : Add task [task-469]
2026/06/14 19:47:19  INFO [        Thread-489 ]             c.h.b.t.TaskManager : Add task [task-467]
2026/06/14 19:47:19  INFO [        Thread-493 ]             c.h.b.t.TaskManager : Add task [task-471]
2026/06/14 19:47:19  INFO [        Thread-494 ]             c.h.b.t.TaskManager : Add task [task-472]
2026/06/14 19:47:19  INFO [        Thread-495 ]             c.h.b.t.TaskManager : Add task [task-473]
2026/06/14 19:47:19  INFO [        Thread-496 ]             c.h.b.t.TaskManager : Add task [task-474]
2026/06/14 19:47:19  INFO [        Thread-497 ]             c.h.b.t.TaskManager : Add task [task-475]
2026/06/14 19:47:19  INFO [        Thread-498 ]             c.h.b.t.TaskManager : Add task [task-476]
2026/06/14 19:47:19  INFO [        Thread-499 ]             c.h.b.t.TaskManager : Add task [task-477]
2026/06/14 19:47:19  INFO [        Thread-500 ]             c.h.b.t.TaskManager : Add task [task-478]
2026/06/14 19:47:19  INFO [        Thread-501 ]             c.h.b.t.TaskManager : Add task [task-479]
2026/06/14 19:47:19  INFO [        Thread-502 ]             c.h.b.t.TaskManager : Add task [task-480]
2026/06/14 19:47:19  INFO [        Thread-504 ]             c.h.b.t.TaskManager : Add task [task-482]
2026/06/14 19:47:19  INFO [        Thread-503 ]             c.h.b.t.TaskManager : Add task [task-481]
2026/06/14 19:47:19  INFO [        Thread-505 ]             c.h.b.t.TaskManager : Add task [task-483]
2026/06/14 19:47:19  INFO [        Thread-506 ]             c.h.b.t.TaskManager : Add task [task-484]
2026/06/14 19:47:19  INFO [        Thread-507 ]             c.h.b.t.TaskManager : Add task [task-485]
2026/06/14 19:47:19  INFO [        Thread-508 ]             c.h.b.t.TaskManager : Add task [task-486]
2026/06/14 19:47:19  INFO [        Thread-509 ]             c.h.b.t.TaskManager : Add task [task-487]
2026/06/14 19:47:19  INFO [        Thread-510 ]             c.h.b.t.TaskManager : Add task [task-488]
2026/06/14 19:47:19  INFO [        Thread-512 ]             c.h.b.t.TaskManager : Add task [task-490]
2026/06/14 19:47:19  INFO [        Thread-511 ]             c.h.b.t.TaskManager : Add task [task-489]
2026/06/14 19:47:19  INFO [        Thread-513 ]             c.h.b.t.TaskManager : Add task [task-491]
2026/06/14 19:47:19  INFO [        Thread-514 ]             c.h.b.t.TaskManager : Add task [task-492]
2026/06/14 19:47:19  INFO [        Thread-515 ]             c.h.b.t.TaskManager : Add task [task-493]
2026/06/14 19:47:19  INFO [        Thread-516 ]             c.h.b.t.TaskManager : Add task [task-494]
2026/06/14 19:47:19  INFO [        Thread-519 ]             c.h.b.t.TaskManager : Add task [task-497]
2026/06/14 19:47:19  INFO [        Thread-517 ]             c.h.b.t.TaskManager : Add task [task-495]
2026/06/14 19:47:19  INFO [        Thread-520 ]             c.h.b.t.TaskManager : Add task [task-498]
2026/06/14 19:47:19  INFO [        Thread-518 ]             c.h.b.t.TaskManager : Add task [task-496]
2026/06/14 19:47:19  INFO [        Thread-521 ]             c.h.b.t.TaskManager : Add task [task-499]
]]></system-out>
  </testcase>
</testsuite>