<?xml version="1.0" encoding="UTF-8"?>
<testsuite xmlns:xsi="http://www.w3.org/2001/XMLSchema-instance" xsi:noNamespaceSchemaLocation="https://maven.apache.org/surefire/maven-surefire-plugin/xsd/surefire-test-report-3.0.xsd" version="3.0" name="com.hellokaton.blade.server.ServerTest" time="0.085" tests="2" errors="0" skipped="0" failures="0">
  <properties>
[...]
</properties>
  <testcase name="testCreateServer" classname="com.hellokaton.blade.server.ServerTest" time="0.048">
    <system-out><![CDATA[2026/06/14 19:47:19  INFO [              main ]             c.h.b.s.NettyServer : app.env          => default
2026/06/14 19:47:19  INFO [              main ]             c.h.b.s.NettyServer : app.pid          => 40064
2026/06/14 19:47:19  INFO [              main ]             c.h.b.s.NettyServer : app.devMode      => true
2026/06/14 19:47:19  INFO [              main ]             c.h.b.s.NettyServer : jdk.version      => 1.8.0_172
2026/06/14 19:47:19  INFO [              main ]             c.h.b.s.NettyServer : user.dir         => E:\trae\hyx\codeL1\repos\repo13\repo\blade-core
2026/06/14 19:47:19  INFO [              main ]             c.h.b.s.NettyServer : java.io.tmpdir   => C:\Users\ADMINI~1\AppData\Local\Temp\
2026/06/14 19:47:19  INFO [              main ]             c.h.b.s.NettyServer : user.timezone    => Asia/Shanghai
2026/06/14 19:47:19  INFO [              main ]             c.h.b.s.NettyServer : file.encoding    => GBK
2026/06/14 19:47:19  INFO [              main ]             c.h.b.s.NettyServer : app.classpath    => E:/trae/hyx/codeL1/repos/repo13/repo/blade-core/target/test-classes/

                                         __, _,   _, __, __,
                                         |_) |   /_\ | \ |_
                                         |_) | , | | |_/ |
                                         ~   ~~~ ~ ~ ~   ~~~
                                     :: Blade :: (v2.1.2.RELEASE) 

2026/06/14 19:47:19  INFO [              main ]             c.h.b.s.NettyServer : Use NioEventLoopGroup
2026/06/14 19:47:19  INFO [              main ]             c.h.b.s.NettyServer : Blade initialize successfully, Time elapsed: 43 ms
2026/06/14 19:47:19  INFO [              main ]             c.h.b.s.NettyServer : Blade start with  0.0.0.0:10086 
2026/06/14 19:47:19  INFO [              main ]             c.h.b.s.NettyServer : Open browser access http://127.0.0.1:10086 ⚡


2026/06/14 19:47:19  INFO [              main ]             c.h.b.s.NettyServer : Blade shutdown ...
2026/06/14 19:47:19  INFO [              main ]             c.h.b.s.NettyServer : Blade shutdown successful
]]></system-out>
  </testcase>
  <testcase name="testStart" classname="com.hellokaton.blade.server.ServerTest" time="0.036">
    <system-out><![CDATA[2026/06/14 19:47:19  INFO [              main ]             c.h.b.s.NettyServer : app.env          => default
2026/06/14 19:47:19  INFO [              main ]             c.h.b.s.NettyServer : app.pid          => 40064
2026/06/14 19:47:19  INFO [              main ]             c.h.b.s.NettyServer : app.devMode      => true
2026/06/14 19:47:19  INFO [              main ]             c.h.b.s.NettyServer : jdk.version      => 1.8.0_172
2026/06/14 19:47:19  INFO [              main ]             c.h.b.s.NettyServer : user.dir         => E:\trae\hyx\codeL1\repos\repo13\repo\blade-core
2026/06/14 19:47:19  INFO [              main ]             c.h.b.s.NettyServer : java.io.tmpdir   => C:\Users\ADMINI~1\AppData\Local\Temp\
2026/06/14 19:47:19  INFO [              main ]             c.h.b.s.NettyServer : user.timezone    => Asia/Shanghai
2026/06/14 19:47:19  INFO [              main ]             c.h.b.s.NettyServer : file.encoding    => GBK
2026/06/14 19:47:19  INFO [              main ]             c.h.b.s.NettyServer : app.classpath    => E:/trae/hyx/codeL1/repos/repo13/repo/blade-core/target/test-classes/

                                         __, _,   _, __, __,
                                         |_) |   /_\ | \ |_
                                         |_) | , | | |_/ |
                                         ~   ~~~ ~ ~ ~   ~~~
                                     :: Blade :: (v2.1.2.RELEASE) 

2026/06/14 19:47:19  INFO [              main ]             c.h.b.s.NettyServer : Use NioEventLoopGroup
2026/06/14 19:47:19  INFO [              main ]             c.h.b.s.NettyServer : Blade initialize successfully, Time elapsed: 32 ms
2026/06/14 19:47:19  INFO [              main ]             c.h.b.s.NettyServer : Blade start with  0.0.0.0:10087 
2026/06/14 19:47:19  INFO [              main ]             c.h.b.s.NettyServer : Open browser access http://127.0.0.1:10087 ⚡


2026/06/14 19:47:19  INFO [              main ]             c.h.b.s.NettyServer : Blade shutdown ...
2026/06/14 19:47:19  INFO [              main ]             c.h.b.s.NettyServer : Blade shutdown successful
]]></system-out>
  </testcase>
</testsuite>