<?xml version="1.0" encoding="UTF-8"?>
<testsuite xmlns:xsi="http://www.w3.org/2001/XMLSchema-instance" xsi:noNamespaceSchemaLocation="https://maven.apache.org/surefire/maven-surefire-plugin/xsd/surefire-test-report-3.0.xsd" version="3.0" name="com.hellokaton.blade.BladeTest" time="13.11" tests="22" errors="1" skipped="0" failures="3">
  <properties>
[...]
</properties>
  <testcase name="testDisableSession" classname="com.hellokaton.blade.BladeTest" time="0.005"/>
  <testcase name="testThreadName" classname="com.hellokaton.blade.BladeTest" time="0.001"/>
  <testcase name="testBannerText" classname="com.hellokaton.blade.BladeTest" time="0.0"/>
  <testcase name="testBootConf" classname="com.hellokaton.blade.BladeTest" time="0.0"/>
  <testcase name="testEnv" classname="com.hellokaton.blade.BladeTest" time="0.001"/>
  <testcase name="testStart" classname="com.hellokaton.blade.BladeTest" time="0.005">
    <system-out><![CDATA[
2026/06/14 19:46:57  INFO [          _(:3」∠)_ ]             c.h.b.s.NettyServer : app.env          => default
2026/06/14 19:46:57  INFO [              main ]             c.h.b.s.NettyServer : Blade shutdown ...
2026/06/14 19:46:57  INFO [              main ]             c.h.b.s.NettyServer : Blade shutdown successful
]]></system-out>
  </testcase>
  <testcase name="testAppName" classname="com.hellokaton.blade.BladeTest" time="0.005">
    <failure message="expected:&lt;5965832772&gt; but was:&lt;null&gt;" type="java.lang.AssertionError"><![CDATA[java.lang.AssertionError: expected:<5965832772> but was:<null>
	at org.junit.Assert.fail(Assert.java:89)
	at org.junit.Assert.failNotEquals(Assert.java:835)
	at org.junit.Assert.assertEquals(Assert.java:120)
	at org.junit.Assert.assertEquals(Assert.java:146)
	at com.hellokaton.blade.BladeTest.testAppName(BladeTest.java:95)
	at sun.reflect.NativeMethodAccessorImpl.invoke0(Native Method)
	at sun.reflect.NativeMethodAccessorImpl.invoke(Unknown Source)
	at sun.reflect.DelegatingMethodAccessorImpl.invoke(Unknown Source)
	at java.lang.reflect.Method.invoke(Unknown Source)
	at org.junit.runners.model.FrameworkMethod$1.runReflectiveCall(FrameworkMethod.java:59)
	at org.junit.internal.runners.model.ReflectiveCallable.run(ReflectiveCallable.java:12)
	at org.junit.runners.model.FrameworkMethod.invokeExplosively(FrameworkMethod.java:56)
	at org.junit.internal.runners.statements.InvokeMethod.evaluate(InvokeMethod.java:17)
	at org.junit.runners.ParentRunner$3.evaluate(ParentRunner.java:306)
	at org.junit.runners.BlockJUnit4ClassRunner$1.evaluate(BlockJUnit4ClassRunner.java:100)
	at org.junit.runners.ParentRunner.runLeaf(ParentRunner.java:366)
	at org.junit.runners.BlockJUnit4ClassRunner.runChild(BlockJUnit4ClassRunner.java:103)
	at org.junit.runners.BlockJUnit4ClassRunner.runChild(BlockJUnit4ClassRunner.java:63)
	at org.junit.runners.ParentRunner$4.run(ParentRunner.java:331)
	at org.junit.runners.ParentRunner$1.schedule(ParentRunner.java:79)
	at org.junit.runners.ParentRunner.runChildren(ParentRunner.java:329)
	at org.junit.runners.ParentRunner.access$100(ParentRunner.java:66)
	at org.junit.runners.ParentRunner$2.evaluate(ParentRunner.java:293)
	at org.junit.runners.ParentRunner$3.evaluate(ParentRunner.java:306)
	at org.junit.runners.ParentRunner.run(ParentRunner.java:413)
	at org.junit.runner.JUnitCore.run(JUnitCore.java:137)
	at org.junit.runner.JUnitCore.run(JUnitCore.java:115)
	at org.junit.vintage.engine.execution.RunnerExecutor.execute(RunnerExecutor.java:42)
	at org.junit.vintage.engine.VintageTestEngine.executeAllChildren(VintageTestEngine.java:80)
	at org.junit.vintage.engine.VintageTestEngine.execute(VintageTestEngine.java:72)
	at org.junit.platform.launcher.core.EngineExecutionOrchestrator.execute(EngineExecutionOrchestrator.java:147)
	at org.junit.platform.launcher.core.EngineExecutionOrchestrator.execute(EngineExecutionOrchestrator.java:127)
	at org.junit.platform.launcher.core.EngineExecutionOrchestrator.execute(EngineExecutionOrchestrator.java:90)
	at org.junit.platform.launcher.core.EngineExecutionOrchestrator.lambda$execute$0(EngineExecutionOrchestrator.java:55)
	at org.junit.platform.launcher.core.EngineExecutionOrchestrator.withInterceptedStreams(EngineExecutionOrchestrator.java:102)
	at org.junit.platform.launcher.core.EngineExecutionOrchestrator.execute(EngineExecutionOrchestrator.java:54)
	at org.junit.platform.launcher.core.DefaultLauncher.execute(DefaultLauncher.java:114)
	at org.junit.platform.launcher.core.DefaultLauncher.execute(DefaultLauncher.java:86)
	at org.junit.platform.launcher.core.DefaultLauncherSession$DelegatingLauncher.execute(DefaultLauncherSession.java:86)
	at org.apache.maven.surefire.junitplatform.LazyLauncher.execute(LazyLauncher.java:56)
	at org.apache.maven.surefire.junitplatform.JUnitPlatformProvider.execute(JUnitPlatformProvider.java:184)
	at org.apache.maven.surefire.junitplatform.JUnitPlatformProvider.invokeAllTests(JUnitPlatformProvider.java:148)
	at org.apache.maven.surefire.junitplatform.JUnitPlatformProvider.invoke(JUnitPlatformProvider.java:122)
	at org.apache.maven.surefire.booter.ForkedBooter.runSuitesInProcess(ForkedBooter.java:385)
	at org.apache.maven.surefire.booter.ForkedBooter.execute(ForkedBooter.java:162)
	at org.apache.maven.surefire.booter.ForkedBooter.run(ForkedBooter.java:507)
	at org.apache.maven.surefire.booter.ForkedBooter.main(ForkedBooter.java:495)
]]></failure>
    <system-out><![CDATA[2026/06/14 19:46:57  INFO [          _(:3」∠)_ ]             c.h.b.s.NettyServer : app.pid          => 40064
2026/06/14 19:46:57  INFO [          _(:3」∠)_ ]             c.h.b.s.NettyServer : app.devMode      => true
2026/06/14 19:46:57  INFO [          _(:3」∠)_ ]             c.h.b.s.NettyServer : jdk.version      => 1.8.0_172
2026/06/14 19:46:57  INFO [          _(:3」∠)_ ]             c.h.b.s.NettyServer : user.dir         => E:\trae\hyx\codeL1\repos\repo13\repo\blade-core
2026/06/14 19:46:57  INFO [          _(:3」∠)_ ]             c.h.b.s.NettyServer : java.io.tmpdir   => C:\Users\ADMINI~1\AppData\Local\Temp\
2026/06/14 19:46:57  INFO [          _(:3」∠)_ ]             c.h.b.s.NettyServer : user.timezone    => Asia/Shanghai
2026/06/14 19:46:57  INFO [          _(:3」∠)_ ]             c.h.b.s.NettyServer : file.encoding    => GBK
2026/06/14 19:46:57  INFO [          _(:3」∠)_ ]             c.h.b.s.NettyServer : app.classpath    => E:/trae/hyx/codeL1/repos/repo13/repo/blade-core/target/test-classes/

                                         __, _,   _, __, __,
                                         |_) |   /_\ | \ |_
                                         |_) | , | | |_/ |
                                         ~   ~~~ ~ ~ ~   ~~~
                                     :: Blade :: (v2.1.2.RELEASE) 

]]></system-out>
  </testcase>
  <testcase name="testGZIP" classname="com.hellokaton.blade.BladeTest" time="0.001"/>
  <testcase name="testExceptionHandler" classname="com.hellokaton.blade.BladeTest" time="0.013"/>
  <testcase name="testWatchEnvChange" classname="com.hellokaton.blade.BladeTest" time="0.001"/>
  <testcase name="testAddStatics" classname="com.hellokaton.blade.BladeTest" time="0.001">
    <failure message="expected:&lt;7&gt; but was:&lt;5&gt;" type="java.lang.AssertionError"><![CDATA[java.lang.AssertionError: expected:<7> but was:<5>
	at org.junit.Assert.fail(Assert.java:89)
	at org.junit.Assert.failNotEquals(Assert.java:835)
	at org.junit.Assert.assertEquals(Assert.java:647)
	at org.junit.Assert.assertEquals(Assert.java:633)
	at com.hellokaton.blade.BladeTest.testAddStatics(BladeTest.java:129)
	at sun.reflect.NativeMethodAccessorImpl.invoke0(Native Method)
	at sun.reflect.NativeMethodAccessorImpl.invoke(Unknown Source)
	at sun.reflect.DelegatingMethodAccessorImpl.invoke(Unknown Source)
	at java.lang.reflect.Method.invoke(Unknown Source)
	at org.junit.runners.model.FrameworkMethod$1.runReflectiveCall(FrameworkMethod.java:59)
	at org.junit.internal.runners.model.ReflectiveCallable.run(ReflectiveCallable.java:12)
	at org.junit.runners.model.FrameworkMethod.invokeExplosively(FrameworkMethod.java:56)
	at org.junit.internal.runners.statements.InvokeMethod.evaluate(InvokeMethod.java:17)
	at org.junit.runners.ParentRunner$3.evaluate(ParentRunner.java:306)
	at org.junit.runners.BlockJUnit4ClassRunner$1.evaluate(BlockJUnit4ClassRunner.java:100)
	at org.junit.runners.ParentRunner.runLeaf(ParentRunner.java:366)
	at org.junit.runners.BlockJUnit4ClassRunner.runChild(BlockJUnit4ClassRunner.java:103)
	at org.junit.runners.BlockJUnit4ClassRunner.runChild(BlockJUnit4ClassRunner.java:63)
	at org.junit.runners.ParentRunner$4.run(ParentRunner.java:331)
	at org.junit.runners.ParentRunner$1.schedule(ParentRunner.java:79)
	at org.junit.runners.ParentRunner.runChildren(ParentRunner.java:329)
	at org.junit.runners.ParentRunner.access$100(ParentRunner.java:66)
	at org.junit.runners.ParentRunner$2.evaluate(ParentRunner.java:293)
	at org.junit.runners.ParentRunner$3.evaluate(ParentRunner.java:306)
	at org.junit.runners.ParentRunner.run(ParentRunner.java:413)
	at org.junit.runner.JUnitCore.run(JUnitCore.java:137)
	at org.junit.runner.JUnitCore.run(JUnitCore.java:115)
	at org.junit.vintage.engine.execution.RunnerExecutor.execute(RunnerExecutor.java:42)
	at org.junit.vintage.engine.VintageTestEngine.executeAllChildren(VintageTestEngine.java:80)
	at org.junit.vintage.engine.VintageTestEngine.execute(VintageTestEngine.java:72)
	at org.junit.platform.launcher.core.EngineExecutionOrchestrator.execute(EngineExecutionOrchestrator.java:147)
	at org.junit.platform.launcher.core.EngineExecutionOrchestrator.execute(EngineExecutionOrchestrator.java:127)
	at org.junit.platform.launcher.core.EngineExecutionOrchestrator.execute(EngineExecutionOrchestrator.java:90)
	at org.junit.platform.launcher.core.EngineExecutionOrchestrator.lambda$execute$0(EngineExecutionOrchestrator.java:55)
	at org.junit.platform.launcher.core.EngineExecutionOrchestrator.withInterceptedStreams(EngineExecutionOrchestrator.java:102)
	at org.junit.platform.launcher.core.EngineExecutionOrchestrator.execute(EngineExecutionOrchestrator.java:54)
	at org.junit.platform.launcher.core.DefaultLauncher.execute(DefaultLauncher.java:114)
	at org.junit.platform.launcher.core.DefaultLauncher.execute(DefaultLauncher.java:86)
	at org.junit.platform.launcher.core.DefaultLauncherSession$DelegatingLauncher.execute(DefaultLauncherSession.java:86)
	at org.apache.maven.surefire.junitplatform.LazyLauncher.execute(LazyLauncher.java:56)
	at org.apache.maven.surefire.junitplatform.JUnitPlatformProvider.execute(JUnitPlatformProvider.java:184)
	at org.apache.maven.surefire.junitplatform.JUnitPlatformProvider.invokeAllTests(JUnitPlatformProvider.java:148)
	at org.apache.maven.surefire.junitplatform.JUnitPlatformProvider.invoke(JUnitPlatformProvider.java:122)
	at org.apache.maven.surefire.booter.ForkedBooter.runSuitesInProcess(ForkedBooter.java:385)
	at org.apache.maven.surefire.booter.ForkedBooter.execute(ForkedBooter.java:162)
	at org.apache.maven.surefire.booter.ForkedBooter.run(ForkedBooter.java:507)
	at org.apache.maven.surefire.booter.ForkedBooter.main(ForkedBooter.java:495)
]]></failure>
  </testcase>
  <testcase name="testSessionType" classname="com.hellokaton.blade.BladeTest" time="0.0"/>
  <testcase name="testTemplate" classname="com.hellokaton.blade.BladeTest" time="0.011">
    <system-out><![CDATA[2026/06/14 19:46:57  INFO [          _(:3」∠)_ ]          c.h.b.m.r.RouteMatcher : Add route  POST    /save
2026/06/14 19:46:57  INFO [          _(:3」∠)_ ]          c.h.b.m.r.RouteMatcher : Add route  POST    /def
2026/06/14 19:46:57  INFO [          _(:3」∠)_ ]          c.h.b.m.r.RouteMatcher : Add route  POST    /exp
2026/06/14 19:46:57  INFO [          _(:3」∠)_ ]          c.h.b.m.r.RouteMatcher : Add route  POST    /ck
2026/06/14 19:46:57  INFO [          _(:3」∠)_ ]          c.h.b.m.r.RouteMatcher : Add route  POST    /upload
2026/06/14 19:46:57  INFO [          _(:3」∠)_ ]          c.h.b.m.r.RouteMatcher : Add route  POST    /api_test/:size
2026/06/14 19:46:57  INFO [          _(:3」∠)_ ]          c.h.b.m.r.RouteMatcher : Add route  GET     /p
2026/06/14 19:46:57  INFO [          _(:3」∠)_ ]          c.h.b.m.r.RouteMatcher : Add route  GET     /exp
2026/06/14 19:46:57  INFO [          _(:3」∠)_ ]          c.h.b.m.r.RouteMatcher : Add route  GET     /csrf
2026/06/14 19:46:57  INFO [          _(:3」∠)_ ]          c.h.b.m.r.RouteMatcher : Add route  ALL     /hi/:a/:b/:c
2026/06/14 19:46:57  INFO [          _(:3」∠)_ ]             c.h.b.s.NettyServer : Register bean: [netty_hello.ConfigChanged@7ff322c3, com.hellokaton.blade.Environment@201691fe, netty_hello.UserService@abea6f9, netty_hello.ConfigChanged@7ff322c3, netty_hello.CService@10baa23, netty_hello.BService@670875fb, netty_hello.DemoController@73059185]
]]></system-out>
  </testcase>
  <testcase name="testShowFileList" classname="com.hellokaton.blade.BladeTest" time="0.001">
    <failure message="expected:&lt;false&gt; but was:&lt;true&gt;" type="java.lang.AssertionError"><![CDATA[java.lang.AssertionError: expected:<false> but was:<true>
	at org.junit.Assert.fail(Assert.java:89)
	at org.junit.Assert.failNotEquals(Assert.java:835)
	at org.junit.Assert.assertEquals(Assert.java:120)
	at org.junit.Assert.assertEquals(Assert.java:146)
	at com.hellokaton.blade.BladeTest.testShowFileList(BladeTest.java:202)
	at sun.reflect.NativeMethodAccessorImpl.invoke0(Native Method)
	at sun.reflect.NativeMethodAccessorImpl.invoke(Unknown Source)
	at sun.reflect.DelegatingMethodAccessorImpl.invoke(Unknown Source)
	at java.lang.reflect.Method.invoke(Unknown Source)
	at org.junit.runners.model.FrameworkMethod$1.runReflectiveCall(FrameworkMethod.java:59)
	at org.junit.internal.runners.model.ReflectiveCallable.run(ReflectiveCallable.java:12)
	at org.junit.runners.model.FrameworkMethod.invokeExplosively(FrameworkMethod.java:56)
	at org.junit.internal.runners.statements.InvokeMethod.evaluate(InvokeMethod.java:17)
	at org.junit.runners.ParentRunner$3.evaluate(ParentRunner.java:306)
	at org.junit.runners.BlockJUnit4ClassRunner$1.evaluate(BlockJUnit4ClassRunner.java:100)
	at org.junit.runners.ParentRunner.runLeaf(ParentRunner.java:366)
	at org.junit.runners.BlockJUnit4ClassRunner.runChild(BlockJUnit4ClassRunner.java:103)
	at org.junit.runners.BlockJUnit4ClassRunner.runChild(BlockJUnit4ClassRunner.java:63)
	at org.junit.runners.ParentRunner$4.run(ParentRunner.java:331)
	at org.junit.runners.ParentRunner$1.schedule(ParentRunner.java:79)
	at org.junit.runners.ParentRunner.runChildren(ParentRunner.java:329)
	at org.junit.runners.ParentRunner.access$100(ParentRunner.java:66)
	at org.junit.runners.ParentRunner$2.evaluate(ParentRunner.java:293)
	at org.junit.runners.ParentRunner$3.evaluate(ParentRunner.java:306)
	at org.junit.runners.ParentRunner.run(ParentRunner.java:413)
	at org.junit.runner.JUnitCore.run(JUnitCore.java:137)
	at org.junit.runner.JUnitCore.run(JUnitCore.java:115)
	at org.junit.vintage.engine.execution.RunnerExecutor.execute(RunnerExecutor.java:42)
	at org.junit.vintage.engine.VintageTestEngine.executeAllChildren(VintageTestEngine.java:80)
	at org.junit.vintage.engine.VintageTestEngine.execute(VintageTestEngine.java:72)
	at org.junit.platform.launcher.core.EngineExecutionOrchestrator.execute(EngineExecutionOrchestrator.java:147)
	at org.junit.platform.launcher.core.EngineExecutionOrchestrator.execute(EngineExecutionOrchestrator.java:127)
	at org.junit.platform.launcher.core.EngineExecutionOrchestrator.execute(EngineExecutionOrchestrator.java:90)
	at org.junit.platform.launcher.core.EngineExecutionOrchestrator.lambda$execute$0(EngineExecutionOrchestrator.java:55)
	at org.junit.platform.launcher.core.EngineExecutionOrchestrator.withInterceptedStreams(EngineExecutionOrchestrator.java:102)
	at org.junit.platform.launcher.core.EngineExecutionOrchestrator.execute(EngineExecutionOrchestrator.java:54)
	at org.junit.platform.launcher.core.DefaultLauncher.execute(DefaultLauncher.java:114)
	at org.junit.platform.launcher.core.DefaultLauncher.execute(DefaultLauncher.java:86)
	at org.junit.platform.launcher.core.DefaultLauncherSession$DelegatingLauncher.execute(DefaultLauncherSession.java:86)
	at org.apache.maven.surefire.junitplatform.LazyLauncher.execute(LazyLauncher.java:56)
	at org.apache.maven.surefire.junitplatform.JUnitPlatformProvider.execute(JUnitPlatformProvider.java:184)
	at org.apache.maven.surefire.junitplatform.JUnitPlatformProvider.invokeAllTests(JUnitPlatformProvider.java:148)
	at org.apache.maven.surefire.junitplatform.JUnitPlatformProvider.invoke(JUnitPlatformProvider.java:122)
	at org.apache.maven.surefire.booter.ForkedBooter.runSuitesInProcess(ForkedBooter.java:385)
	at org.apache.maven.surefire.booter.ForkedBooter.execute(ForkedBooter.java:162)
	at org.apache.maven.surefire.booter.ForkedBooter.run(ForkedBooter.java:507)
	at org.apache.maven.surefire.booter.ForkedBooter.main(ForkedBooter.java:495)
]]></failure>
  </testcase>
  <testcase name="testGetBean" classname="com.hellokaton.blade.BladeTest" time="0.0"/>
  <testcase name="testRegister" classname="com.hellokaton.blade.BladeTest" time="0.001"/>
  <testcase name="testOnStarted" classname="com.hellokaton.blade.BladeTest" time="0.0"/>
  <testcase name="testListenAddress" classname="com.hellokaton.blade.BladeTest" time="6.817">
    <system-out><![CDATA[2026/06/14 19:46:57  INFO [          _(:3」∠)_ ]             c.h.b.s.NettyServer : app.env          => default
2026/06/14 19:46:57  INFO [          _(:3」∠)_ ]             c.h.b.s.NettyServer : app.pid          => 40064
2026/06/14 19:46:57  INFO [          _(:3」∠)_ ]             c.h.b.s.NettyServer : app.devMode      => true
2026/06/14 19:46:57  INFO [          _(:3」∠)_ ]             c.h.b.s.NettyServer : jdk.version      => 1.8.0_172
2026/06/14 19:46:57  INFO [          _(:3」∠)_ ]             c.h.b.s.NettyServer : user.dir         => E:\trae\hyx\codeL1\repos\repo13\repo\blade-core
2026/06/14 19:46:57  INFO [          _(:3」∠)_ ]             c.h.b.s.NettyServer : java.io.tmpdir   => C:\Users\ADMINI~1\AppData\Local\Temp\
2026/06/14 19:46:57  INFO [          _(:3」∠)_ ]             c.h.b.s.NettyServer : user.timezone    => Asia/Shanghai
2026/06/14 19:46:57  INFO [          _(:3」∠)_ ]             c.h.b.s.NettyServer : file.encoding    => GBK
2026/06/14 19:46:57  INFO [          _(:3」∠)_ ]             c.h.b.s.NettyServer : app.classpath    => E:/trae/hyx/codeL1/repos/repo13/repo/blade-core/target/test-classes/

                                         __, _,   _, __, __,
                                         |_) |   /_\ | \ |_
                                         |_) | , | | |_/ |
                                         ~   ~~~ ~ ~ ~   ~~~
                                     :: Blade :: (v2.1.2.RELEASE) 

2026/06/14 19:46:57  INFO [          _(:3」∠)_ ]             c.h.b.s.NettyServer : Register bean: [com.hellokaton.blade.Environment@3c44e9f2]
2026/06/14 19:46:57  INFO [          _(:3」∠)_ ]             c.h.b.s.NettyServer : Use NioEventLoopGroup
2026/06/14 19:46:57  INFO [          _(:3」∠)_ ]             c.h.b.s.NettyServer : Use NioEventLoopGroup
2026/06/14 19:46:59  INFO [          _(:3」∠)_ ]             c.h.b.s.NettyServer : Blade initialize successfully, Time elapsed: 1326 ms
2026/06/14 19:46:59  INFO [          _(:3」∠)_ ]             c.h.b.s.NettyServer : Blade initialize successfully, Time elapsed: 1381 ms
2026/06/14 19:46:59  INFO [          _(:3」∠)_ ]             c.h.b.s.NettyServer : Blade start with  0.0.0.0:9000 
2026/06/14 19:46:59  INFO [          _(:3」∠)_ ]             c.h.b.s.NettyServer : Blade start with  localhost:9002 
2026/06/14 19:46:59  INFO [          _(:3」∠)_ ]             c.h.b.s.NettyServer : Open browser access http://127.0.0.1:9000 ⚡

2026/06/14 19:46:59  INFO [          _(:3」∠)_ ]             c.h.b.s.NettyServer : Open browser access http://localhost:9002 ⚡

2026/06/14 19:47:00  WARN [   worker@thread-1 ] c.h.b.m.h.DefaultExceptionHandler :  404          GET    /

2026/06/14 19:47:00  INFO [              main ]             c.h.b.s.NettyServer : Blade shutdown ...
2026/06/14 19:47:04  INFO [              main ]             c.h.b.s.NettyServer : Blade shutdown successful
]]></system-out>
  </testcase>
  <testcase name="testRouteCode" classname="com.hellokaton.blade.BladeTest" time="0.014">
    <error type="java.lang.NullPointerException"><![CDATA[java.lang.NullPointerException
	at java.lang.String.startsWith(Unknown Source)
	at java.lang.String.startsWith(Unknown Source)
	at com.hellokaton.blade.mvc.route.RouteMatcher.matchesPath(RouteMatcher.java:222)
	at com.hellokaton.blade.mvc.route.RouteMatcher.lambda$getBefore$5(RouteMatcher.java:162)
	at java.util.stream.ReferencePipeline$2$1.accept(Unknown Source)
	at java.util.stream.ReferencePipeline$2$1.accept(Unknown Source)
	at java.util.ArrayList.forEach(Unknown Source)
	at java.util.stream.SortedOps$RefSortingSink.end(Unknown Source)
	at java.util.stream.Sink$ChainedReference.end(Unknown Source)
	at java.util.stream.AbstractPipeline.copyInto(Unknown Source)
	at java.util.stream.AbstractPipeline.wrapAndCopyInto(Unknown Source)
	at java.util.stream.ReduceOps$ReduceOp.evaluateSequential(Unknown Source)
	at java.util.stream.AbstractPipeline.evaluate(Unknown Source)
	at java.util.stream.ReferencePipeline.collect(Unknown Source)
	at com.hellokaton.blade.mvc.route.RouteMatcher.getBefore(RouteMatcher.java:163)
	at com.hellokaton.blade.BladeTest.testRouteCode(BladeTest.java:51)
	at sun.reflect.NativeMethodAccessorImpl.invoke0(Native Method)
	at sun.reflect.NativeMethodAccessorImpl.invoke(Unknown Source)
	at sun.reflect.DelegatingMethodAccessorImpl.invoke(Unknown Source)
	at java.lang.reflect.Method.invoke(Unknown Source)
	at org.junit.runners.model.FrameworkMethod$1.runReflectiveCall(FrameworkMethod.java:59)
	at org.junit.internal.runners.model.ReflectiveCallable.run(ReflectiveCallable.java:12)
	at org.junit.runners.model.FrameworkMethod.invokeExplosively(FrameworkMethod.java:56)
	at org.junit.internal.runners.statements.InvokeMethod.evaluate(InvokeMethod.java:17)
	at org.junit.runners.ParentRunner$3.evaluate(ParentRunner.java:306)
	at org.junit.runners.BlockJUnit4ClassRunner$1.evaluate(BlockJUnit4ClassRunner.java:100)
	at org.junit.runners.ParentRunner.runLeaf(ParentRunner.java:366)
	at org.junit.runners.BlockJUnit4ClassRunner.runChild(BlockJUnit4ClassRunner.java:103)
	at org.junit.runners.BlockJUnit4ClassRunner.runChild(BlockJUnit4ClassRunner.java:63)
	at org.junit.runners.ParentRunner$4.run(ParentRunner.java:331)
	at org.junit.runners.ParentRunner$1.schedule(ParentRunner.java:79)
	at org.junit.runners.ParentRunner.runChildren(ParentRunner.java:329)
	at org.junit.runners.ParentRunner.access$100(ParentRunner.java:66)
	at org.junit.runners.ParentRunner$2.evaluate(ParentRunner.java:293)
	at org.junit.runners.ParentRunner$3.evaluate(ParentRunner.java:306)
	at org.junit.runners.ParentRunner.run(ParentRunner.java:413)
	at org.junit.runner.JUnitCore.run(JUnitCore.java:137)
	at org.junit.runner.JUnitCore.run(JUnitCore.java:115)
	at org.junit.vintage.engine.execution.RunnerExecutor.execute(RunnerExecutor.java:42)
	at org.junit.vintage.engine.VintageTestEngine.executeAllChildren(VintageTestEngine.java:80)
	at org.junit.vintage.engine.VintageTestEngine.execute(VintageTestEngine.java:72)
	at org.junit.platform.launcher.core.EngineExecutionOrchestrator.execute(EngineExecutionOrchestrator.java:147)
	at org.junit.platform.launcher.core.EngineExecutionOrchestrator.execute(EngineExecutionOrchestrator.java:127)
	at org.junit.platform.launcher.core.EngineExecutionOrchestrator.execute(EngineExecutionOrchestrator.java:90)
	at org.junit.platform.launcher.core.EngineExecutionOrchestrator.lambda$execute$0(EngineExecutionOrchestrator.java:55)
	at org.junit.platform.launcher.core.EngineExecutionOrchestrator.withInterceptedStreams(EngineExecutionOrchestrator.java:102)
	at org.junit.platform.launcher.core.EngineExecutionOrchestrator.execute(EngineExecutionOrchestrator.java:54)
	at org.junit.platform.launcher.core.DefaultLauncher.execute(DefaultLauncher.java:114)
	at org.junit.platform.launcher.core.DefaultLauncher.execute(DefaultLauncher.java:86)
	at org.junit.platform.launcher.core.DefaultLauncherSession$DelegatingLauncher.execute(DefaultLauncherSession.java:86)
	at org.apache.maven.surefire.junitplatform.LazyLauncher.execute(LazyLauncher.java:56)
	at org.apache.maven.surefire.junitplatform.JUnitPlatformProvider.execute(JUnitPlatformProvider.java:184)
	at org.apache.maven.surefire.junitplatform.JUnitPlatformProvider.invokeAllTests(JUnitPlatformProvider.java:148)
	at org.apache.maven.surefire.junitplatform.JUnitPlatformProvider.invoke(JUnitPlatformProvider.java:122)
	at org.apache.maven.surefire.booter.ForkedBooter.runSuitesInProcess(ForkedBooter.java:385)
	at org.apache.maven.surefire.booter.ForkedBooter.execute(ForkedBooter.java:162)
	at org.apache.maven.surefire.booter.ForkedBooter.run(ForkedBooter.java:507)
	at org.apache.maven.surefire.booter.ForkedBooter.main(ForkedBooter.java:495)
]]></error>
    <system-out><![CDATA[2026/06/14 19:47:04  INFO [              main ]          c.h.b.m.r.RouteMatcher : Add route  POST    /
2026/06/14 19:47:04  INFO [              main ]          c.h.b.m.r.RouteMatcher : Add route  GET     /
2026/06/14 19:47:04  INFO [              main ]          c.h.b.m.r.RouteMatcher : Add route  DELETE  /
2026/06/14 19:47:04  INFO [              main ]          c.h.b.m.r.RouteMatcher : Add route  PUT     /
2026/06/14 19:47:04  INFO [              main ]          c.h.b.m.r.RouteMatcher : Add  hook  AFTER   /
2026/06/14 19:47:04  INFO [              main ]          c.h.b.m.r.RouteMatcher : Add  hook  BEFORE  /
]]></system-out>
  </testcase>
  <testcase name="testDevMode" classname="com.hellokaton.blade.BladeTest" time="0.001"/>
  <testcase name="testListen" classname="com.hellokaton.blade.BladeTest" time="6.209">
    <system-out><![CDATA[2026/06/14 19:47:04  INFO [          _(:3」∠)_ ]             c.h.b.s.NettyServer : app.env          => default
2026/06/14 19:47:04  INFO [          _(:3」∠)_ ]             c.h.b.s.NettyServer : app.pid          => 40064
2026/06/14 19:47:04  INFO [          _(:3」∠)_ ]             c.h.b.s.NettyServer : app.devMode      => true
2026/06/14 19:47:04  INFO [          _(:3」∠)_ ]             c.h.b.s.NettyServer : jdk.version      => 1.8.0_172
2026/06/14 19:47:04  INFO [          _(:3」∠)_ ]             c.h.b.s.NettyServer : user.dir         => E:\trae\hyx\codeL1\repos\repo13\repo\blade-core
2026/06/14 19:47:04  INFO [          _(:3」∠)_ ]             c.h.b.s.NettyServer : java.io.tmpdir   => C:\Users\ADMINI~1\AppData\Local\Temp\
2026/06/14 19:47:04  INFO [          _(:3」∠)_ ]             c.h.b.s.NettyServer : user.timezone    => Asia/Shanghai
2026/06/14 19:47:04  INFO [          _(:3」∠)_ ]             c.h.b.s.NettyServer : file.encoding    => GBK
2026/06/14 19:47:04  INFO [          _(:3」∠)_ ]             c.h.b.s.NettyServer : app.classpath    => E:/trae/hyx/codeL1/repos/repo13/repo/blade-core/target/test-classes/

                                         __, _,   _, __, __,
                                         |_) |   /_\ | \ |_
                                         |_) | , | | |_/ |
                                         ~   ~~~ ~ ~ ~   ~~~
                                     :: Blade :: (v2.1.2.RELEASE) 

2026/06/14 19:47:04  INFO [          _(:3」∠)_ ]             c.h.b.s.NettyServer : Register bean: [com.hellokaton.blade.Environment@1048ff79]
2026/06/14 19:47:04  INFO [          _(:3」∠)_ ]             c.h.b.s.NettyServer : Use NioEventLoopGroup
2026/06/14 19:47:04  INFO [          _(:3」∠)_ ]             c.h.b.s.NettyServer : Blade initialize successfully, Time elapsed: 49 ms
2026/06/14 19:47:04  INFO [          _(:3」∠)_ ]             c.h.b.s.NettyServer : Blade start with  0.0.0.0:9001 
2026/06/14 19:47:04  INFO [          _(:3」∠)_ ]             c.h.b.s.NettyServer : Open browser access http://127.0.0.1:9001 ⚡

2026/06/14 19:47:04  WARN [   worker@thread-1 ] c.h.b.m.h.DefaultExceptionHandler :  404          GET    /

2026/06/14 19:47:04  INFO [              main ]             c.h.b.s.NettyServer : Blade shutdown ...
2026/06/14 19:47:08  INFO [              main ]             c.h.b.s.NettyServer : Blade shutdown successful
]]></system-out>
  </testcase>
  <testcase name="testStartedEvent" classname="com.hellokaton.blade.BladeTest" time="0.0"/>
</testsuite>